#
# There is insufficient memory for the Java Runtime Environment to continue.
# Native memory allocation (malloc) failed to allocate 1011376 bytes for Chunk::new
# Possible reasons:
#   The system is out of physical RAM or swap space
#   In 32 bit mode, the process size limit was hit
# Possible solutions:
#   Reduce memory load on the system
#   Increase physical memory or swap space
#   Check if swap backing store is full
#   Use 64 bit Java on a 64 bit OS
#   Decrease Java heap size (-Xmx/-Xms)
#   Decrease number of Java threads
#   Decrease Java thread stack sizes (-Xss)
#   Set larger code cache with -XX:ReservedCodeCacheSize=
# This output file may be truncated or incomplete.
#
#  Out of Memory Error (allocation.cpp:390), pid=8092, tid=0x00000000000004c4
#
# JRE version: OpenJDK Runtime Environment (8.0_152-b01) (build 1.8.0_152-release-1343-b01)
# Java VM: OpenJDK 64-Bit Server VM (25.152-b01 mixed mode windows-amd64 compressed oops)
# Failed to write core dump. Minidumps are not enabled by default on client versions of Windows
#

---------------  T H R E A D  ---------------

Current thread (0x000000001686a800):  JavaThread "C2 CompilerThread1" daemon [_thread_in_native, id=1220, stack(0x0000000017fa0000,0x00000000180a0000)]

Stack: [0x0000000017fa0000,0x00000000180a0000]
[error occurred during error reporting (printing stack bounds), id 0xc0000005]

Native frames: (J=compiled Java code, j=interpreted, Vv=VM code, C=native code)


Current CompileTask:
C2: 305907 19710       4       org.gradle.internal.logging.sink.OutputEventTransformer::onOutput (399 bytes)


---------------  P R O C E S S  ---------------

Java Threads: ( => current thread )
  0x0000000024c41000 JavaThread "ForkJoinPool.commonPool-worker-0" daemon [_thread_blocked, id=15148, stack(0x000000002a130000,0x000000002a230000)]
  0x000000001a7cf000 JavaThread "Cache worker for Java compile cache (C:\Users\chatchai.s\.gradle\caches\5.1.1\javaCompile)" [_thread_blocked, id=6032, stack(0x0000000029f30000,0x000000002a030000)]
  0x000000001f4be000 JavaThread "RMI TCP Connection(1)-127.0.0.1" daemon [_thread_in_native, id=18880, stack(0x0000000029e30000,0x0000000029f30000)]
  0x000000001f4bd800 JavaThread "RMI Reaper" [_thread_blocked, id=28300, stack(0x0000000029d30000,0x0000000029e30000)]
  0x000000001f4bc800 JavaThread "RMI TCP Accept-0" daemon [_thread_in_native, id=27592, stack(0x0000000029c30000,0x0000000029d30000)]
  0x000000001f4bf800 JavaThread "GC Daemon" daemon [_thread_blocked, id=11452, stack(0x0000000029b30000,0x0000000029c30000)]
  0x000000001f4b7800 JavaThread "RMI Scheduler(0)" daemon [_thread_blocked, id=9204, stack(0x0000000029930000,0x0000000029a30000)]
  0x000000001f4b1800 JavaThread "MarlinRenderer Disposer" daemon [_thread_blocked, id=12452, stack(0x0000000029030000,0x0000000029130000)]
  0x000000001f4b4800 JavaThread "Java2D Disposer" daemon [_thread_blocked, id=18916, stack(0x0000000028f30000,0x0000000029030000)]
  0x000000001de5b800 JavaThread "Cache worker for file content cache (C:\Users\chatchai.s\.gradle\caches\5.1.1\fileContent)" [_thread_blocked, id=19308, stack(0x0000000028430000,0x0000000028530000)]
  0x000000001a7cb800 JavaThread "Memory manager" [_thread_blocked, id=28680, stack(0x0000000023660000,0x0000000023760000)]
  0x0000000019cc7800 JavaThread "Cache worker for execution history cache (C:\Users\chatchai.s\.gradle\caches\5.1.1\executionHistory)" [_thread_blocked, id=18680, stack(0x0000000020880000,0x0000000020980000)]
  0x0000000019cca000 JavaThread "Cache worker for journal cache (C:\Users\chatchai.s\.gradle\caches\journal-1)" [_thread_blocked, id=29528, stack(0x000000001c560000,0x000000001c660000)]
  0x0000000019cc5800 JavaThread "File lock request listener" [_thread_in_native, id=2012, stack(0x000000001c460000,0x000000001c560000)]
  0x0000000019c8f000 JavaThread "Cache worker for file hash cache (C:\Users\chatchai.s\.gradle\caches\5.1.1\fileHashes)" [_thread_blocked, id=12956, stack(0x000000001c360000,0x000000001c460000)]
  0x000000001a0f6000 JavaThread "Daemon worker" [_thread_blocked, id=20580, stack(0x000000001bf60000,0x000000001c060000)]
  0x00000000195fb000 JavaThread "Daemon" [_thread_blocked, id=27120, stack(0x000000001ba60000,0x000000001bb60000)]
  0x000000001a25e000 JavaThread "Daemon periodic checks" [_thread_blocked, id=19548, stack(0x000000001b960000,0x000000001ba60000)]
  0x0000000019284800 JavaThread "Incoming local TCP Connector on port 61363" [_thread_in_native, id=15684, stack(0x000000001b480000,0x000000001b580000)]
  0x0000000018207800 JavaThread "Service Thread" daemon [_thread_blocked, id=14196, stack(0x00000000185a0000,0x00000000186a0000)]
  0x00000000168bc000 JavaThread "C1 CompilerThread2" daemon [_thread_blocked, id=6296, stack(0x00000000180a0000,0x00000000181a0000)]
=>0x000000001686a800 JavaThread "C2 CompilerThread1" daemon [_thread_in_native, id=1220, stack(0x0000000017fa0000,0x00000000180a0000)]
  0x0000000016866000 JavaThread "C2 CompilerThread0" daemon [_thread_blocked, id=29168, stack(0x0000000017ea0000,0x0000000017fa0000)]
  0x00000000168b2000 JavaThread "Attach Listener" daemon [_thread_blocked, id=27796, stack(0x0000000017da0000,0x0000000017ea0000)]
  0x0000000016857800 JavaThread "Signal Dispatcher" daemon [_thread_blocked, id=24232, stack(0x0000000017ca0000,0x0000000017da0000)]
  0x0000000002eeb800 JavaThread "Finalizer" daemon [_thread_blocked, id=20876, stack(0x0000000017ab0000,0x0000000017bb0000)]
  0x0000000002ee1000 JavaThread "Reference Handler" daemon [_thread_blocked, id=15420, stack(0x00000000179b0000,0x0000000017ab0000)]
  0x000000000135e000 JavaThread "main" [_thread_blocked, id=21880, stack(0x0000000002cf0000,0x0000000002df0000)]

Other Threads:
  0x0000000016826000 VMThread [stack: 0x00000000178b0000,0x00000000179b0000] [id=25136]
  0x0000000018210800 WatcherThread [stack: 0x00000000186a0000,0x00000000187a0000] [id=30096]

VM state:not at safepoint (normal execution)

VM Mutex/Monitor currently owned by a thread: None

Heap:
 PSYoungGen      total 438784K, used 91563K [0x00000000e0000000, 0x0000000100000000, 0x0000000100000000)
  eden space 368640K, 24% used [0x00000000e0000000,0x00000000e596ae40,0x00000000f6800000)
  from space 70144K, 0% used [0x00000000fbb80000,0x00000000fbb80000,0x0000000100000000)
  to   space 77824K, 0% used [0x00000000f6800000,0x00000000f6800000,0x00000000fb400000)
 ParOldGen       total 394752K, used 81316K [0x00000000a0000000, 0x00000000b8180000, 0x00000000e0000000)
  object space 394752K, 20% used [0x00000000a0000000,0x00000000a4f691a0,0x00000000b8180000)
 Metaspace       used 99288K, capacity 103114K, committed 103320K, reserved 1138688K
  class space    used 12443K, capacity 13199K, committed 13224K, reserved 1048576K

Card table byte_map: [0x00000000122b0000,0x00000000125c0000] byte_map_base: 0x0000000011db0000

Marking Bits: (ParMarkBitMap*) 0x0000000059615aa0
 Begin Bits: [0x0000000012bc0000, 0x00000000143c0000)
 End Bits:   [0x00000000143c0000, 0x0000000015bc0000)

Polling page: 0x0000000000f50000

CodeCache: size=245760Kb used=57164Kb max_used=57677Kb free=188595Kb
 bounds [0x0000000002ef0000, 0x0000000006790000, 0x0000000011ef0000]
 total_blobs=17051 nmethods=16003 adapters=959
 compilation: enabled

Compilation events (10 events):
Event: 305.644 Thread 0x00000000168bc000 nmethod 19746 0x0000000006781dd0 code [0x0000000006781f20, 0x0000000006782030]
Event: 305.645 Thread 0x00000000168bc000 19747       1       java.lang.StackTraceElement::getLineNumber (5 bytes)
Event: 305.646 Thread 0x00000000168bc000 nmethod 19747 0x0000000006781290 code [0x00000000067813e0, 0x00000000067814f0]
Event: 305.647 Thread 0x00000000168bc000 19748       3       org.codehaus.groovy.runtime.StackTraceUtils::isApplicationClass (84 bytes)
Event: 305.648 Thread 0x00000000168bc000 nmethod 19748 0x000000000677b550 code [0x000000000677b760, 0x000000000677c278]
Event: 305.651 Thread 0x0000000016866000 19749   !   4       java.util.concurrent.ConcurrentHashMap::clear (176 bytes)
Event: 305.656 Thread 0x0000000016866000 nmethod 19749 0x000000000677a3d0 code [0x000000000677a520, 0x000000000677a8c8]
Event: 305.719 Thread 0x00000000168bc000 19750       3       com.android.builder.profile.ProcessProfileWriter::get (7 bytes)
Event: 305.720 Thread 0x00000000168bc000 nmethod 19750 0x00000000038ade50 code [0x00000000038adfe0, 0x00000000038ae568]
Event: 305.722 Thread 0x0000000016866000 19751       4       java.util.Collections$SetFromMap::contains (11 bytes)

GC Heap History (10 events):
Event: 156.821 GC heap before
{Heap before GC invocations=24 (full 3):
 PSYoungGen      total 363008K, used 362998K [0x00000000e0000000, 0x00000000f9280000, 0x0000000100000000)
  eden space 333824K, 100% used [0x00000000e0000000,0x00000000f4600000,0x00000000f4600000)
  from space 29184K, 99% used [0x00000000f6a80000,0x00000000f86fd960,0x00000000f8700000)
  to   space 37376K, 0% used [0x00000000f4600000,0x00000000f4600000,0x00000000f6a80000)
 ParOldGen       total 266240K, used 61184K [0x00000000a0000000, 0x00000000b0400000, 0x00000000e0000000)
  object space 266240K, 22% used [0x00000000a0000000,0x00000000a3bc0338,0x00000000b0400000)
 Metaspace       used 80420K, capacity 83280K, committed 83480K, reserved 1122304K
  class space    used 10334K, capacity 10960K, committed 11048K, reserved 1048576K
Event: 156.977 GC heap after
Heap after GC invocations=24 (full 3):
 PSYoungGen      total 371200K, used 37345K [0x00000000e0000000, 0x00000000fda00000, 0x0000000100000000)
  eden space 333824K, 0% used [0x00000000e0000000,0x00000000e0000000,0x00000000f4600000)
  from space 37376K, 99% used [0x00000000f4600000,0x00000000f6a78520,0x00000000f6a80000)
  to   space 46592K, 0% used [0x00000000fac80000,0x00000000fac80000,0x00000000fda00000)
 ParOldGen       total 266240K, used 71319K [0x00000000a0000000, 0x00000000b0400000, 0x00000000e0000000)
  object space 266240K, 26% used [0x00000000a0000000,0x00000000a45a5d30,0x00000000b0400000)
 Metaspace       used 80420K, capacity 83280K, committed 83480K, reserved 1122304K
  class space    used 10334K, capacity 10960K, committed 11048K, reserved 1048576K
}
Event: 167.386 GC heap before
{Heap before GC invocations=25 (full 3):
 PSYoungGen      total 371200K, used 371169K [0x00000000e0000000, 0x00000000fda00000, 0x0000000100000000)
  eden space 333824K, 100% used [0x00000000e0000000,0x00000000f4600000,0x00000000f4600000)
  from space 37376K, 99% used [0x00000000f4600000,0x00000000f6a78520,0x00000000f6a80000)
  to   space 46592K, 0% used [0x00000000fac80000,0x00000000fac80000,0x00000000fda00000)
 ParOldGen       total 266240K, used 71319K [0x00000000a0000000, 0x00000000b0400000, 0x00000000e0000000)
  object space 266240K, 26% used [0x00000000a0000000,0x00000000a45a5d30,0x00000000b0400000)
 Metaspace       used 83081K, capacity 86304K, committed 86552K, reserved 1124352K
  class space    used 10566K, capacity 11250K, committed 11304K, reserved 1048576K
Event: 167.457 GC heap after
Heap after GC invocations=25 (full 3):
 PSYoungGen      total 428032K, used 46576K [0x00000000e0000000, 0x00000000fee00000, 0x0000000100000000)
  eden space 381440K, 0% used [0x00000000e0000000,0x00000000e0000000,0x00000000f7480000)
  from space 46592K, 99% used [0x00000000fac80000,0x00000000fd9fc1e0,0x00000000fda00000)
  to   space 57344K, 0% used [0x00000000f7480000,0x00000000f7480000,0x00000000fac80000)
 ParOldGen       total 266240K, used 81005K [0x00000000a0000000, 0x00000000b0400000, 0x00000000e0000000)
  object space 266240K, 30% used [0x00000000a0000000,0x00000000a4f1b790,0x00000000b0400000)
 Metaspace       used 83081K, capacity 86304K, committed 86552K, reserved 1124352K
  class space    used 10566K, capacity 11250K, committed 11304K, reserved 1048576K
}
Event: 279.161 GC heap before
{Heap before GC invocations=26 (full 3):
 PSYoungGen      total 428032K, used 428016K [0x00000000e0000000, 0x00000000fee00000, 0x0000000100000000)
  eden space 381440K, 100% used [0x00000000e0000000,0x00000000f7480000,0x00000000f7480000)
  from space 46592K, 99% used [0x00000000fac80000,0x00000000fd9fc1e0,0x00000000fda00000)
  to   space 57344K, 0% used [0x00000000f7480000,0x00000000f7480000,0x00000000fac80000)
 ParOldGen       total 266240K, used 81005K [0x00000000a0000000, 0x00000000b0400000, 0x00000000e0000000)
  object space 266240K, 30% used [0x00000000a0000000,0x00000000a4f1b790,0x00000000b0400000)
 Metaspace       used 90844K, capacity 94524K, committed 94872K, reserved 1132544K
  class space    used 11342K, capacity 12122K, committed 12200K, reserved 1048576K
Event: 279.258 GC heap after
Heap after GC invocations=26 (full 3):
 PSYoungGen      total 438784K, used 57318K [0x00000000e0000000, 0x0000000100000000, 0x0000000100000000)
  eden space 381440K, 0% used [0x00000000e0000000,0x00000000e0000000,0x00000000f7480000)
  from space 57344K, 99% used [0x00000000f7480000,0x00000000fac79a10,0x00000000fac80000)
  to   space 70144K, 0% used [0x00000000fbb80000,0x00000000fbb80000,0x0000000100000000)
 ParOldGen       total 266240K, used 91445K [0x00000000a0000000, 0x00000000b0400000, 0x00000000e0000000)
  object space 266240K, 34% used [0x00000000a0000000,0x00000000a594d690,0x00000000b0400000)
 Metaspace       used 90844K, capacity 94524K, committed 94872K, reserved 1132544K
  class space    used 11342K, capacity 12122K, committed 12200K, reserved 1048576K
}
Event: 300.559 GC heap before
{Heap before GC invocations=27 (full 3):
 PSYoungGen      total 438784K, used 262494K [0x00000000e0000000, 0x0000000100000000, 0x0000000100000000)
  eden space 381440K, 53% used [0x00000000e0000000,0x00000000ec85df00,0x00000000f7480000)
  from space 57344K, 99% used [0x00000000f7480000,0x00000000fac79a10,0x00000000fac80000)
  to   space 70144K, 0% used [0x00000000fbb80000,0x00000000fbb80000,0x0000000100000000)
 ParOldGen       total 266240K, used 91445K [0x00000000a0000000, 0x00000000b0400000, 0x00000000e0000000)
  object space 266240K, 34% used [0x00000000a0000000,0x00000000a594d690,0x00000000b0400000)
 Metaspace       used 94823K, capacity 98510K, committed 98600K, reserved 1134592K
  class space    used 11883K, capacity 12671K, committed 12712K, reserved 1048576K
Event: 300.688 GC heap after
Heap after GC invocations=27 (full 3):
 PSYoungGen      total 438784K, used 60532K [0x00000000e0000000, 0x0000000100000000, 0x0000000100000000)
  eden space 368640K, 0% used [0x00000000e0000000,0x00000000e0000000,0x00000000f6800000)
  from space 70144K, 86% used [0x00000000fbb80000,0x00000000ff69d0c0,0x0000000100000000)
  to   space 77824K, 0% used [0x00000000f6800000,0x00000000f6800000,0x00000000fb400000)
 ParOldGen       total 266240K, used 91453K [0x00000000a0000000, 0x00000000b0400000, 0x00000000e0000000)
  object space 266240K, 34% used [0x00000000a0000000,0x00000000a594f690,0x00000000b0400000)
 Metaspace       used 94823K, capacity 98510K, committed 98600K, reserved 1134592K
  class space    used 11883K, capacity 12671K, committed 12712K, reserved 1048576K
}
Event: 300.688 GC heap before
{Heap before GC invocations=28 (full 4):
 PSYoungGen      total 438784K, used 60532K [0x00000000e0000000, 0x0000000100000000, 0x0000000100000000)
  eden space 368640K, 0% used [0x00000000e0000000,0x00000000e0000000,0x00000000f6800000)
  from space 70144K, 86% used [0x00000000fbb80000,0x00000000ff69d0c0,0x0000000100000000)
  to   space 77824K, 0% used [0x00000000f6800000,0x00000000f6800000,0x00000000fb400000)
 ParOldGen       total 266240K, used 91453K [0x00000000a0000000, 0x00000000b0400000, 0x00000000e0000000)
  object space 266240K, 34% used [0x00000000a0000000,0x00000000a594f690,0x00000000b0400000)
 Metaspace       used 94823K, capacity 98510K, committed 98600K, reserved 1134592K
  class space    used 11883K, capacity 12671K, committed 12712K, reserved 1048576K
Event: 301.182 GC heap after
Heap after GC invocations=28 (full 4):
 PSYoungGen      total 438784K, used 0K [0x00000000e0000000, 0x0000000100000000, 0x0000000100000000)
  eden space 368640K, 0% used [0x00000000e0000000,0x00000000e0000000,0x00000000f6800000)
  from space 70144K, 0% used [0x00000000fbb80000,0x00000000fbb80000,0x0000000100000000)
  to   space 77824K, 0% used [0x00000000f6800000,0x00000000f6800000,0x00000000fb400000)
 ParOldGen       total 394752K, used 81316K [0x00000000a0000000, 0x00000000b8180000, 0x00000000e0000000)
  object space 394752K, 20% used [0x00000000a0000000,0x00000000a4f691a0,0x00000000b8180000)
 Metaspace       used 94791K, capacity 98468K, committed 98600K, reserved 1134592K
  class space    used 11873K, capacity 12658K, committed 12712K, reserved 1048576K
}

Deoptimization events (10 events):
Event: 305.524 Thread 0x000000001a7c0000 Uncommon trap: reason=array_check action=maybe_recompile pc=0x0000000006529a8c method=java.util.TimSort.binarySort([Ljava/lang/Object;IIILjava/util/Comparator;)V @ 193
Event: 305.528 Thread 0x000000001a0f6000 Uncommon trap: reason=class_check action=maybe_recompile pc=0x000000000656a2d0 method=com.google.common.collect.SortedIterables.hasSameComparator(Ljava/util/Comparator;Ljava/lang/Iterable;)Z @ 11
Event: 305.552 Thread 0x000000001a0f6000 Uncommon trap: reason=unstable_if action=reinterpret pc=0x0000000005f0dad8 method=org.gradle.internal.operations.DefaultBuildOperationExecutor.execute(Lorg/gradle/internal/operations/BuildOperation;Lorg/gradle/internal/operations/BuildOperationWorker;Lorg
Event: 305.564 Thread 0x000000001a0f6000 Uncommon trap: reason=bimorphic action=maybe_recompile pc=0x0000000004d8bf48 method=java.util.Collections$SetFromMap.contains(Ljava/lang/Object;)Z @ 5
Event: 305.565 Thread 0x000000001a0f6000 Uncommon trap: reason=unstable_if action=reinterpret pc=0x0000000006028d24 method=org.gradle.execution.plan.Node.isComplete()Z @ 17
Event: 305.573 Thread 0x000000001a0f6000 Uncommon trap: reason=unstable_if action=reinterpret pc=0x0000000005f0dad8 method=org.gradle.internal.operations.DefaultBuildOperationExecutor.execute(Lorg/gradle/internal/operations/BuildOperation;Lorg/gradle/internal/operations/BuildOperationWorker;Lorg
Event: 305.573 Thread 0x000000001a0f6000 Uncommon trap: reason=bimorphic action=maybe_recompile pc=0x0000000004d8bf48 method=java.util.Collections$SetFromMap.contains(Ljava/lang/Object;)Z @ 5
Event: 305.574 Thread 0x000000001a0f6000 Uncommon trap: reason=bimorphic action=maybe_recompile pc=0x0000000004d8bf48 method=java.util.Collections$SetFromMap.contains(Ljava/lang/Object;)Z @ 5
Event: 305.575 Thread 0x000000001a0f6000 Uncommon trap: reason=bimorphic action=maybe_recompile pc=0x0000000004d8bf48 method=java.util.Collections$SetFromMap.contains(Ljava/lang/Object;)Z @ 5
Event: 305.657 Thread 0x000000001f4b9000 Uncommon trap: reason=unstable_if action=reinterpret pc=0x0000000003cd307c method=java.util.concurrent.locks.AbstractQueuedSynchronizer$ConditionObject.checkInterruptWhileWaiting(Ljava/util/concurrent/locks/AbstractQueuedSynchronizer$Node;)I @ 3

Classes redefined (0 events):
No events

Internal exceptions (10 events):
Event: 299.903 Thread 0x000000001a0f6000 Exception <a 'sun/nio/fs/WindowsException'> (0x00000000e85e57e8) thrown at [D:\src\AOSP-openjdk-cygwin\jdk8u\hotspot\src\share\vm\prims\jni.cpp, line 709]
Event: 305.257 Thread 0x000000001a7c0000 Exception <a 'java/lang/NoSuchMethodError': <clinit>> (0x00000000e05b1328) thrown at [D:\src\AOSP-openjdk-cygwin\jdk8u\hotspot\src\share\vm\prims\jni.cpp, line 1613]
Event: 305.286 Thread 0x000000001a0f6000 Exception <a 'sun/nio/fs/WindowsException'> (0x00000000e400e690) thrown at [D:\src\AOSP-openjdk-cygwin\jdk8u\hotspot\src\share\vm\prims\jni.cpp, line 709]
Event: 305.289 Thread 0x000000001a0f6000 Exception <a 'sun/nio/fs/WindowsException'> (0x00000000e401d8f0) thrown at [D:\src\AOSP-openjdk-cygwin\jdk8u\hotspot\src\share\vm\prims\jni.cpp, line 709]
Event: 305.404 Thread 0x000000001a0f6000 Exception <a 'sun/nio/fs/WindowsException'> (0x00000000e43ca3f0) thrown at [D:\src\AOSP-openjdk-cygwin\jdk8u\hotspot\src\share\vm\prims\jni.cpp, line 709]
Event: 305.489 Thread 0x000000001a0f6000 Exception <a 'java/lang/OutOfMemoryError'> (0x00000000e471ebc8) thrown at [D:\src\AOSP-openjdk-cygwin\jdk8u\hotspot\src\share\vm\prims\jni.cpp, line 735]
Event: 305.520 Thread 0x000000001a0f6000 Exception <a 'java/lang/reflect/InvocationTargetException'> (0x00000000e495aff0) thrown at [D:\src\AOSP-openjdk-cygwin\jdk8u\hotspot\src\share\vm\runtime\reflection.cpp, line 1092]
Event: 305.523 Thread 0x000000001a7c0000 Exception <a 'java/lang/NoSuchMethodError': <clinit>> (0x00000000e485cad8) thrown at [D:\src\AOSP-openjdk-cygwin\jdk8u\hotspot\src\share\vm\prims\jni.cpp, line 1613]
Event: 305.523 Thread 0x000000001a7c0000 Exception <a 'java/lang/NoSuchMethodError': <clinit>> (0x00000000e4865dd8) thrown at [D:\src\AOSP-openjdk-cygwin\jdk8u\hotspot\src\share\vm\prims\jni.cpp, line 1613]
Event: 305.567 Thread 0x000000001a7c0000 Exception <a 'java/lang/NoSuchMethodError': <clinit>> (0x00000000e4873d88) thrown at [D:\src\AOSP-openjdk-cygwin\jdk8u\hotspot\src\share\vm\prims\jni.cpp, line 1613]

Events (10 events):
Event: 305.720 Thread 0x00000000168bc000 flushing nmethod 0x00000000041ab310
Event: 305.720 Thread 0x00000000168bc000 flushing nmethod 0x00000000041ab910
Event: 305.720 loading class org/gradle/internal/buildevents/BuildExceptionReporter$ExceptionStyle
Event: 305.720 loading class org/gradle/internal/buildevents/BuildExceptionReporter$ExceptionStyle done
Event: 305.721 loading class org/gradle/internal/logging/text/BufferingStyledTextOutput$1
Event: 305.721 loading class org/gradle/internal/logging/text/BufferingStyledTextOutput$1 done
Event: 305.721 loading class org/gradle/internal/logging/text/BufferingStyledTextOutput$ChangeStyleAction
Event: 305.721 loading class org/gradle/internal/logging/text/BufferingStyledTextOutput$ChangeStyleAction done
Event: 305.722 loading class org/gradle/internal/buildevents/BuildExceptionReporter$2
Event: 305.722 loading class org/gradle/internal/buildevents/BuildExceptionReporter$2 done


Dynamic libraries:
0x00007ff6f8dc0000 - 0x00007ff6f8df1000 	C:\Program Files\Android\Android Studio\jre\bin\java.exe
0x00007ffa952b0000 - 0x00007ffa9548b000 	C:\WINDOWS\SYSTEM32\ntdll.dll
0x00007ffa94740000 - 0x00007ffa947ee000 	C:\WINDOWS\System32\KERNEL32.DLL
0x00007ffa918c0000 - 0x00007ffa91b09000 	C:\WINDOWS\System32\KERNELBASE.dll
0x00007ffa94060000 - 0x00007ffa94101000 	C:\WINDOWS\System32\ADVAPI32.dll
0x00007ffa95170000 - 0x00007ffa9520d000 	C:\WINDOWS\System32\msvcrt.dll
0x00007ffa943f0000 - 0x00007ffa94449000 	C:\WINDOWS\System32\sechost.dll
0x00007ffa927e0000 - 0x00007ffa92905000 	C:\WINDOWS\System32\RPCRT4.dll
0x00007ffa94c70000 - 0x00007ffa94dba000 	C:\WINDOWS\System32\USER32.dll
0x00007ffa91c60000 - 0x00007ffa91c7e000 	C:\WINDOWS\System32\win32u.dll
0x00007ffa94190000 - 0x00007ffa941b7000 	C:\WINDOWS\System32\GDI32.dll
0x00007ffa91f50000 - 0x00007ffa920d8000 	C:\WINDOWS\System32\gdi32full.dll
0x00007ffa91bc0000 - 0x00007ffa91c5a000 	C:\WINDOWS\System32\msvcp_win.dll
0x00007ffa91e50000 - 0x00007ffa91f46000 	C:\WINDOWS\System32\ucrtbase.dll
0x00007ffa82fc0000 - 0x00007ffa83227000 	C:\WINDOWS\WinSxS\amd64_microsoft.windows.common-controls_6595b64144ccf1df_6.0.15063.0_none_108e4f62dfe5d999\COMCTL32.dll
0x00007ffa94e70000 - 0x00007ffa95169000 	C:\WINDOWS\System32\combase.dll
0x00007ffa91850000 - 0x00007ffa918ba000 	C:\WINDOWS\System32\bcryptPrimitives.dll
0x00007ffa945c0000 - 0x00007ffa945ed000 	C:\WINDOWS\System32\IMM32.DLL
0x0000000058c90000 - 0x0000000058d62000 	C:\Program Files\Android\Android Studio\jre\jre\bin\msvcr100.dll
0x0000000058e50000 - 0x0000000059691000 	C:\Program Files\Android\Android Studio\jre\jre\bin\server\jvm.dll
0x00007ffa94050000 - 0x00007ffa94058000 	C:\WINDOWS\System32\PSAPI.DLL
0x00007ffa8c7f0000 - 0x00007ffa8c7f9000 	C:\WINDOWS\SYSTEM32\WSOCK32.dll
0x00007ffa84260000 - 0x00007ffa8426a000 	C:\WINDOWS\SYSTEM32\VERSION.dll
0x00007ffa8fc30000 - 0x00007ffa8fc53000 	C:\WINDOWS\SYSTEM32\WINMM.dll
0x00007ffa95210000 - 0x00007ffa9527c000 	C:\WINDOWS\System32\WS2_32.dll
0x00007ffa8fc00000 - 0x00007ffa8fc2b000 	C:\WINDOWS\SYSTEM32\WINMMBASE.dll
0x00007ffa917a0000 - 0x00007ffa917e9000 	C:\WINDOWS\System32\cfgmgr32.dll
0x00007ffa8d960000 - 0x00007ffa8d96f000 	C:\Program Files\Android\Android Studio\jre\jre\bin\verify.dll
0x00007ffa8b320000 - 0x00007ffa8b349000 	C:\Program Files\Android\Android Studio\jre\jre\bin\java.dll
0x00007ffa8d190000 - 0x00007ffa8d1a6000 	C:\Program Files\Android\Android Studio\jre\jre\bin\zip.dll
0x00007ffa92a70000 - 0x00007ffa93ea7000 	C:\WINDOWS\System32\SHELL32.dll
0x00007ffa94dc0000 - 0x00007ffa94e6a000 	C:\WINDOWS\System32\shcore.dll
0x00007ffa920e0000 - 0x00007ffa927d2000 	C:\WINDOWS\System32\windows.storage.dll
0x00007ffa94280000 - 0x00007ffa942d1000 	C:\WINDOWS\System32\shlwapi.dll
0x00007ffa91760000 - 0x00007ffa91771000 	C:\WINDOWS\System32\kernel.appcore.dll
0x00007ffa91710000 - 0x00007ffa9175c000 	C:\WINDOWS\System32\powrprof.dll
0x00007ffa916f0000 - 0x00007ffa91705000 	C:\WINDOWS\System32\profapi.dll
0x00007ffa84f80000 - 0x00007ffa84f9a000 	C:\Program Files\Android\Android Studio\jre\jre\bin\net.dll
0x00007ffa90fa0000 - 0x00007ffa90ffc000 	C:\WINDOWS\system32\mswsock.dll
0x00007ffa84da0000 - 0x00007ffa84db1000 	C:\Program Files\Android\Android Studio\jre\jre\bin\nio.dll
0x00007ffa782e0000 - 0x00007ffa782fe000 	C:\Users\chatchai.s\.gradle\native\25\windows-amd64\native-platform.dll
0x00007ffa8d260000 - 0x00007ffa8d26d000 	C:\Program Files\Android\Android Studio\jre\jre\bin\management.dll
0x00007ffa911a0000 - 0x00007ffa911b7000 	C:\WINDOWS\SYSTEM32\CRYPTSP.dll
0x00007ffa90bd0000 - 0x00007ffa90c04000 	C:\WINDOWS\system32\rsaenh.dll
0x00007ffa91390000 - 0x00007ffa913b5000 	C:\WINDOWS\SYSTEM32\bcrypt.dll
0x00007ffa915f0000 - 0x00007ffa91619000 	C:\WINDOWS\SYSTEM32\USERENV.dll
0x00007ffa911c0000 - 0x00007ffa911cb000 	C:\WINDOWS\SYSTEM32\CRYPTBASE.dll
0x00007ffa90d40000 - 0x00007ffa90d77000 	C:\WINDOWS\SYSTEM32\IPHLPAPI.DLL
0x00007ffa94c60000 - 0x00007ffa94c68000 	C:\WINDOWS\System32\NSI.dll
0x00007ffa8d4e0000 - 0x00007ffa8d4f6000 	C:\WINDOWS\SYSTEM32\dhcpcsvc6.DLL
0x00007ffa8d350000 - 0x00007ffa8d36a000 	C:\WINDOWS\SYSTEM32\dhcpcsvc.DLL
0x00007ffa77b80000 - 0x00007ffa77ba4000 	C:\Program Files\Android\Android Studio\jre\jre\bin\sunec.dll
0x00007ffa90d80000 - 0x00007ffa90e24000 	C:\WINDOWS\SYSTEM32\DNSAPI.dll
0x00007ffa82540000 - 0x00007ffa8254a000 	C:\Windows\System32\rasadhlp.dll
0x00007ffa8d600000 - 0x00007ffa8d66b000 	C:\WINDOWS\System32\fwpuclnt.dll
0x00007ffa8c1b0000 - 0x00007ffa8c1bb000 	C:\Program Files\Android\Android Studio\jre\jre\bin\sunmscapi.dll
0x00007ffa91c80000 - 0x00007ffa91e49000 	C:\WINDOWS\System32\CRYPT32.dll
0x00007ffa91780000 - 0x00007ffa91791000 	C:\WINDOWS\System32\MSASN1.dll
0x00007ffa90a00000 - 0x00007ffa90a31000 	C:\WINDOWS\SYSTEM32\ntmarta.dll
0x00007ffa63bd0000 - 0x00007ffa63d68000 	C:\Program Files\Android\Android Studio\jre\jre\bin\awt.dll
0x00007ffa941c0000 - 0x00007ffa94280000 	C:\WINDOWS\System32\OLEAUT32.dll
0x00007ffa8eb70000 - 0x00007ffa8f114000 	C:\WINDOWS\SYSTEM32\d2d1.dll
0x00007ffa8f8a0000 - 0x00007ffa8f91e000 	C:\WINDOWS\SYSTEM32\apphelp.dll
0x00007ffa8fba0000 - 0x00007ffa8fbca000 	C:\WINDOWS\system32\DWMAPI.DLL
0x00007ffa8ff10000 - 0x00007ffa8ffa5000 	C:\WINDOWS\system32\uxtheme.dll
0x00007ffa83ce0000 - 0x00007ffa83cfe000 	C:\Users\chatchai.s\AppData\Local\Temp\native-platform2806761841333609664dir\native-platform.dll

VM Arguments:
jvm_args: -Xmx1536m -Dfile.encoding=x-windows-874 -Duser.country=US -Duser.language=en -Duser.variant 
java_command: org.gradle.launcher.daemon.bootstrap.GradleDaemon 5.1.1
java_class_path (initial): C:\Users\chatchai.s\.gradle\wrapper\dists\gradle-5.1.1-all\97z1ksx6lirer3kbvdnh7jtjg\gradle-5.1.1\lib\gradle-launcher-5.1.1.jar
Launcher Type: SUN_STANDARD

Environment Variables:
PATH=C:\Program Files (x86)\Common Files\Oracle\Java\javapath;C:\Program Files\Docker\Docker\Resources\bin;C:\WINDOWS\system32;C:\WINDOWS;C:\WINDOWS\System32\Wbem;C:\WINDOWS\System32\WindowsPowerShell\v1.0\;C:\Program Files\TortoiseSVN\bin;C:\Program Files\Microsoft SQL Server\130\Tools\Binn\;C:\Program Files\Microsoft SQL Server\Client SDK\ODBC\110\Tools\Binn\;C:\Program Files (x86)\Microsoft SQL Server\120\Tools\Binn\ManagementStudio\;C:\Program Files (x86)\Microsoft SQL Server\120\Tools\Binn\;C:\Program Files\Microsoft SQL Server\120\Tools\Binn\;C:\Program Files (x86)\Microsoft SQL Server\120\DTS\Binn\;C:\Program Files\Microsoft SQL Server\120\DTS\Binn\;C:\WINDOWS\system32\config\systemprofile\.dnx\bin;C:\Program Files\Microsoft DNX\Dnvm\;C:\Program Files\nodejs\;C:\Program Files\dotnet\;C:\Program Files (x86)\Microsoft VS Code\bin;C:\bin;C:\Users\chatchai.s\.dnx\bin;C:\Users\chatchai.s\AppData\Local\Programs\Python\Python37-32\Scripts\;C:\Users\chatchai.s\AppData\Local\Programs\Python\Python37-32\;C:\Users\chatchai.s\AppData\Local\Microsoft\WindowsApps;C:\Users\chatchai.s\AppData\Roaming\npm;C:\Users\chatchai.s\AppData\Local\GitHubDesktop\bin;C:\Users\chatchai.s\AppData\Local\Programs\Git\cmd
USERNAME=chatchai.s
OS=Windows_NT
PROCESSOR_IDENTIFIER=Intel64 Family 6 Model 78 Stepping 3, GenuineIntel



---------------  S Y S T E M  ---------------

OS: Windows 10.0 , 64 bit Build 15063 (10.0.15063.296)

CPU:total 4 (initial active 4) (2 cores per cpu, 2 threads per core) family 6 model 78 stepping 3, cmov, cx8, fxsr, mmx, sse, sse2, sse3, ssse3, sse4.1, sse4.2, popcnt, avx, avx2, aes, clmul, erms, rtm, 3dnowpref, lzcnt, ht, tsc, tscinvbit, bmi1, bmi2, adx

Memory: 4k page, physical 16438604k(2837476k free), swap 29545928k(25228k free)

vm_info: OpenJDK 64-Bit Server VM (25.152-b01) for windows-amd64 JRE (1.8.0_152-release-1343-b01), built by "builder" with MS VC++ 10.0 (VS2010)

time: Wed Jul 17 09:11:52 2019
elapsed time: 305 seconds (0d 0h 5m 5s)

